Arguments: 
  /usr/bin/node /usr/share/yarn/bin/yarn.js run dev

PATH: 
  /home/egor/www/metric/.direnv/python-3.6.3/bin:~/.haskell/bin:/usr/lib/go-1.9/bin:~/.haskell/bin:/usr/lib/go-1.9/bin:/usr/local/sbin:/usr/local/bin:/usr/sbin:/usr/bin:/sbin:/bin:/usr/games:/usr/local/games:/home/egor/.local/bin:/home/egor/.yarn/bin:/home/egor/.local/bin:/home/egor/.yarn/bin

Yarn version: 
  1.5.1

Node version: 
  8.10.0

Platform: 
  linux x64

npm manifest: 
  No manifest

yarn manifest: 
  No manifest

Lockfile: 
  No lockfile

Trace: 
  Error: Couldn't find a package.json file in "/home/egor/www/metric"
      at new MessageError (/usr/share/yarn/lib/cli.js:186:110)
      at /usr/share/yarn/lib/cli.js:40048:15
      at Generator.next (<anonymous>)
      at step (/usr/share/yarn/lib/cli.js:98:30)
      at /usr/share/yarn/lib/cli.js:109:13
      at <anonymous>
